Mar 20 14:09:31 nfxgssystem-4 FGCheck[36641]: E FGCheck - [InputMinute] Minute.Volume = 0 but volume delta in slice is 100, minute data: [Inst=301191.SZSE Time=20230320 14:08:00.000 High=98.
Mar 20 14:09:31 nfxgssystem-4 FGCheck[36641]: E FGCheck - [InputMinute] Minute.Volume = 0 but volume delta in slice is 100, minute data: [Inst=300385.SZSE Time=20230320 14:08:00.000 High=6.2
Mar 20 14:09:38 nfxgssystem-4 FGCheck[36641]: E FGCheck - [InputMinute] Minute.Volume = 0 but volume delta in slice is 200, minute data: [Inst=301280.SZSE Time=20230320 14:08:00.000 High=51.
Mar 20 14:09:46 nfxgssystem-4 FGCheck[36641]: E FGCheck - [InputMinute] Minute.Volume = 0 but volume delta in slice is 300, minute data: [Inst=300824.SZSE Time=20230320 14:08:00.000 High=9.2
Mar 20 14:09:48 nfxgssystem-4 FGCheck[36641]: E FGCheck - [InputMinute] Minute.Volume = 0 but volume delta in slice is 600, minute data: [Inst=301126.SZSE Time=20230320 14:08:00.000 High=15.
Mar 20 14:09:56 nfxgssystem-4 FGCheck[36641]: E FGCheck - [InputMinute] Minute.Volume = 0 but volume delta in slice is 100, minute data: [Inst=301373.SZSE Time=20230320 14:08:00.000 High=35.
Mar 20 14:09:59 nfxgssystem-4 FGCheck[36641]: E FGCheck - [InputMinute] Minute.Volume = 0 but volume delta in slice is 47700, minute data: [Inst=300167.SZSE Time=20230320 14:08:00.000 High=5
Mar 20 14:21:17 nfxgssystem-4 systemd[1]: Current command vanished from the unit file, execution of the command list won't be resumed.
Mar 20 14:22:21 nfxgssystem-4 systemd[1]: Stopping 因子生成器服务端深圳01测试...
Mar 20 14:22:21 nfxgssystem-4 systemd[1]: Stopped 因子生成器服务端深圳01测试.
Mar 20 14:22:23 nfxgssystem-4 systemd[1]: Started 因子生成器服务端深圳01测试.
Mar 20 14:22:24 nfxgssystem-4 FactorGenerator_SZ_01_test[39281]: ../packages/FactorGenerator.1.3.0-Alpha4/bin
Mar 20 14:22:24 nfxgssystem-4 FactorGenerator_SZ_01_test[39281]: Exception in thread 39297: higgsops::OpsBaseException
Mar 20 14:22:24 nfxgssystem-4 FactorGenerator_SZ_01_test[39281]: test
Mar 20 14:22:24 nfxgssystem-4 FactorGenerator_SZ_01_test[39281]: at std::string::_M_rep() const [/opt/rh/devtoolset-9/root/usr/include/c++/9/bits/basic_string.h:3367 (discriminator 2)]
Mar 20 14:22:24 nfxgssystem-4 FactorGenerator_SZ_01_test[39281]: at std::_Rb_tree<FactorGeneratorNS::FactorType, FactorGeneratorNS::FactorType, std::_Identity<FactorGeneratorNS::FactorType>,
Mar 20 14:22:24 nfxgssystem-4 FactorGenerator_SZ_01_test[39281]: at main [/opt/rh/devtoolset-9/root/usr/include/c++/9/bits/unique_ptr.h:211]
Mar 20 14:22:24 nfxgssystem-4 FactorGenerator_SZ_01_test[39281]: at __libc_start_main [/usr/lib64/libc-2.17.so:0x223d5]
Mar 20 14:22:24 nfxgssystem-4 FactorGenerator_SZ_01_test[39281]: at _start [/home/omsw-autodep/autodeploy-test/FactorGenerator_SZ_01_test/FactorGenerator.out:0x410ca4]
Mar 20 14:22:24 nfxgssystem-4 systemd[1]: FactorGenerator_SZ_01_test.service: main process exited, code=exited, status=254/n/a
Mar 20 14:22:24 nfxgssystem-4 systemd[1]: Unit FactorGenerator_SZ_01_test.service entered failed state.
Mar 20 14:22:24 nfxgssystem-4 systemd[1]: FactorGenerator_SZ_01_test.service failed.
